TOP.6140b3ac.00067137	START
TOP.6140b3ac.00067137	folder_config->cwd	/Users/luna/graduation-project/application/sweeney/bin/hashcat-mac/bin
TOP.6140b3ac.00067137	folder_config->install_dir	/Users/luna/graduation-project/application/sweeney/bin/hashcat-mac/bin
TOP.6140b3ac.00067137	folder_config->profile_dir	/Users/luna/graduation-project/application/sweeney/bin/hashcat-mac/bin
TOP.6140b3ac.00067137	folder_config->session_dir	/Users/luna/graduation-project/application/sweeney/bin/hashcat-mac/bin
TOP.6140b3ac.00067137	folder_config->shared_dir	/Users/luna/graduation-project/application/sweeney/bin/hashcat-mac/bin
TOP.6140b3ac.00067137	user_options->separator	:
TOP.6140b3ac.00067137	user_options->encoding_from	utf-8
TOP.6140b3ac.00067137	user_options->encoding_to	utf-8
TOP.6140b3ac.00067137	user_options->rule_buf_l	:
TOP.6140b3ac.00067137	user_options->rule_buf_r	:
TOP.6140b3ac.00067137	user_options->session	hashcat
TOP.6140b3ac.00067137	user_options->limit	17576
TOP.6140b3ac.00067137	user_options->skip	0
TOP.6140b3ac.00067137	user_options->attack_mode	3
TOP.6140b3ac.00067137	user_options->benchmark	0
TOP.6140b3ac.00067137	user_options->benchmark_all	0
TOP.6140b3ac.00067137	user_options->bitmap_max	18
TOP.6140b3ac.00067137	user_options->bitmap_min	16
TOP.6140b3ac.00067137	user_options->debug_mode	0
TOP.6140b3ac.00067137	user_options->example_hashes	0
TOP.6140b3ac.00067137	user_options->force	0
TOP.6140b3ac.00067137	user_options->hwmon_disable	1
TOP.6140b3ac.00067137	user_options->hwmon_temp_abort	0
TOP.6140b3ac.00067137	user_options->hash_mode	0
TOP.6140b3ac.00067137	user_options->hex_charset	0
TOP.6140b3ac.00067137	user_options->hex_salt	0
TOP.6140b3ac.00067137	user_options->hex_wordlist	0
TOP.6140b3ac.00067137	user_options->hook_threads	4
TOP.6140b3ac.00067137	user_options->increment	0
TOP.6140b3ac.00067137	user_options->increment_max	256
TOP.6140b3ac.00067137	user_options->increment_min	1
TOP.6140b3ac.00067137	user_options->keep_guessing	0
TOP.6140b3ac.00067137	user_options->kernel_accel	0
TOP.6140b3ac.00067137	user_options->kernel_loops	0
TOP.6140b3ac.00067137	user_options->kernel_threads	0
TOP.6140b3ac.00067137	user_options->keyspace	0
TOP.6140b3ac.00067137	user_options->left	0
TOP.6140b3ac.00067137	user_options->logfile_disable	0
TOP.6140b3ac.00067137	user_options->loopback	0
TOP.6140b3ac.00067137	user_options->machine_readable	1
TOP.6140b3ac.00067137	user_options->markov_classic	0
TOP.6140b3ac.00067137	user_options->markov_disable	0
TOP.6140b3ac.00067137	user_options->markov_threshold	256
TOP.6140b3ac.00067137	user_options->backend_info	0
TOP.6140b3ac.00067137	user_options->backend_vector_width	0
TOP.6140b3ac.00067137	user_options->optimized_kernel_enable	0
TOP.6140b3ac.00067137	user_options->outfile_autohex	1
TOP.6140b3ac.00067137	user_options->outfile_check_timer	5
TOP.6140b3ac.00067137	user_options->outfile_format	3
TOP.6140b3ac.00067137	user_options->wordlist_autohex_disable	0
TOP.6140b3ac.00067137	user_options->potfile_disable	0
TOP.6140b3ac.00067137	user_options->progress_only	0
TOP.6140b3ac.00067137	user_options->quiet	1
TOP.6140b3ac.00067137	user_options->remove	0
TOP.6140b3ac.00067137	user_options->remove_timer	60
TOP.6140b3ac.00067137	user_options->restore	0
TOP.6140b3ac.00067137	user_options->restore_disable	0
TOP.6140b3ac.00067137	user_options->restore_timer	60
TOP.6140b3ac.00067137	user_options->rp_files_cnt	0
TOP.6140b3ac.00067137	user_options->rp_gen	0
TOP.6140b3ac.00067137	user_options->rp_gen_func_max	4
TOP.6140b3ac.00067137	user_options->rp_gen_func_min	1
TOP.6140b3ac.00067137	user_options->rp_gen_seed	0
TOP.6140b3ac.00067137	user_options->runtime	0
TOP.6140b3ac.00067137	user_options->scrypt_tmto	0
TOP.6140b3ac.00067137	user_options->segment_size	33554432
TOP.6140b3ac.00067137	user_options->self_test_disable	0
TOP.6140b3ac.00067137	user_options->slow_candidates	0
TOP.6140b3ac.00067137	user_options->show	0
TOP.6140b3ac.00067137	user_options->speed_only	0
TOP.6140b3ac.00067137	user_options->spin_damp	0
TOP.6140b3ac.00067137	user_options->status	1
TOP.6140b3ac.00067137	user_options->status_json	0
TOP.6140b3ac.00067137	user_options->status_timer	3
TOP.6140b3ac.00067137	user_options->stdout_flag	0
TOP.6140b3ac.00067137	user_options->usage	0
TOP.6140b3ac.00067137	user_options->username	0
TOP.6140b3ac.00067137	user_options->veracrypt_pim_start	485
TOP.6140b3ac.00067137	user_options->veracrypt_pim_stop	485
TOP.6140b3ac.00067137	user_options->version	0
TOP.6140b3ac.00067137	user_options->workload_profile	2
TOP.6140b3ac.00067137	user_options->brain_client	0
TOP.6140b3ac.00067137	user_options->brain_client_features	2
TOP.6140b3ac.00067137	user_options->brain_server	0
TOP.6140b3ac.00067137	user_options->brain_server_timer	300
TOP.6140b3ac.00067137	user_options->brain_port	6863
TOP.6140b3ac.00067137	user_options->brain_session	0
TOP.6140b3ac.00067137	hashes->hashfile	/Users/luna/graduation-project/application/sweeney/temp/hashcat/798afe0f0bec4b41a2beee98c4c5c9d1
TOP.6140b3ac.00067137	hashes->hashlist_mode	5
TOP.6140b3ac.00067137	hashes->hashlist_format	0
TOP.6140b3ac.00067137	hashes->hashes_cnt	0
TOP.6140b3ac.00067137	hashes->digests_cnt	1
TOP.6140b3ac.00067137	hashes->digests_done	0
TOP.6140b3ac.00067137	hashes->salts_cnt	1
TOP.6140b3ac.00067137	hashes->salts_done	0
TOP.6140b3ac.00067137	SUB.6140b3b7.000446f3	START
TOP.6140b3ac.00067137	SUB.6140b3b7.000446f3	mask_ctx->mask	?l?l?l?l
TOP.6140b3ac.00067137	SUB.6140b3b7.000446f3	runtime_start	1631630263
TOP.6140b3ac.00067137	SUB.6140b3b7.000446f3	runtime_stop	1631630263
TOP.6140b3ac.00067137	SUB.6140b3b7.000446f3	status-after-work	6
TOP.6140b3ac.00067137	SUB.6140b3b7.000446f3	STOP
TOP.6140b3ac.00067137	proc_start	1631630252
TOP.6140b3ac.00067137	proc_stop	1631630264
TOP.6140b3ac.00067137	STOP
TOP.61415d42.000199ef	START
TOP.61415d42.000199ef	folder_config->cwd	/Users/luna/graduation-project/application/sweeney/bin/hashcat-mac/bin
TOP.61415d42.000199ef	folder_config->install_dir	/Users/luna/graduation-project/application/sweeney/bin/hashcat-mac/bin
TOP.61415d42.000199ef	folder_config->profile_dir	/Users/luna/graduation-project/application/sweeney/bin/hashcat-mac/bin
TOP.61415d42.000199ef	folder_config->session_dir	/Users/luna/graduation-project/application/sweeney/bin/hashcat-mac/bin
TOP.61415d42.000199ef	folder_config->shared_dir	/Users/luna/graduation-project/application/sweeney/bin/hashcat-mac/bin
TOP.61415d42.000199ef	user_options->separator	:
TOP.61415d42.000199ef	user_options->encoding_from	utf-8
TOP.61415d42.000199ef	user_options->encoding_to	utf-8
TOP.61415d42.000199ef	user_options->rule_buf_l	:
TOP.61415d42.000199ef	user_options->rule_buf_r	:
TOP.61415d42.000199ef	user_options->session	hashcat
TOP.61415d42.000199ef	user_options->limit	353046600
TOP.61415d42.000199ef	user_options->skip	0
TOP.61415d42.000199ef	user_options->attack_mode	3
TOP.61415d42.000199ef	user_options->benchmark	0
TOP.61415d42.000199ef	user_options->benchmark_all	0
TOP.61415d42.000199ef	user_options->bitmap_max	18
TOP.61415d42.000199ef	user_options->bitmap_min	16
TOP.61415d42.000199ef	user_options->debug_mode	0
TOP.61415d42.000199ef	user_options->example_hashes	0
TOP.61415d42.000199ef	user_options->force	0
TOP.61415d42.000199ef	user_options->hwmon_disable	1
TOP.61415d42.000199ef	user_options->hwmon_temp_abort	0
TOP.61415d42.000199ef	user_options->hash_mode	0
TOP.61415d42.000199ef	user_options->hex_charset	0
TOP.61415d42.000199ef	user_options->hex_salt	0
TOP.61415d42.000199ef	user_options->hex_wordlist	0
TOP.61415d42.000199ef	user_options->hook_threads	4
TOP.61415d42.000199ef	user_options->increment	0
TOP.61415d42.000199ef	user_options->increment_max	256
TOP.61415d42.000199ef	user_options->increment_min	1
TOP.61415d42.000199ef	user_options->keep_guessing	0
TOP.61415d42.000199ef	user_options->kernel_accel	0
TOP.61415d42.000199ef	user_options->kernel_loops	0
TOP.61415d42.000199ef	user_options->kernel_threads	0
TOP.61415d42.000199ef	user_options->keyspace	0
TOP.61415d42.000199ef	user_options->left	0
TOP.61415d42.000199ef	user_options->logfile_disable	0
TOP.61415d42.000199ef	user_options->loopback	0
TOP.61415d42.000199ef	user_options->machine_readable	1
TOP.61415d42.000199ef	user_options->markov_classic	0
TOP.61415d42.000199ef	user_options->markov_disable	0
TOP.61415d42.000199ef	user_options->markov_threshold	256
TOP.61415d42.000199ef	user_options->backend_info	0
TOP.61415d42.000199ef	user_options->backend_vector_width	0
TOP.61415d42.000199ef	user_options->optimized_kernel_enable	0
TOP.61415d42.000199ef	user_options->outfile_autohex	1
TOP.61415d42.000199ef	user_options->outfile_check_timer	5
TOP.61415d42.000199ef	user_options->outfile_format	3
TOP.61415d42.000199ef	user_options->wordlist_autohex_disable	0
TOP.61415d42.000199ef	user_options->potfile_disable	0
TOP.61415d42.000199ef	user_options->progress_only	0
TOP.61415d42.000199ef	user_options->quiet	1
TOP.61415d42.000199ef	user_options->remove	0
TOP.61415d42.000199ef	user_options->remove_timer	60
TOP.61415d42.000199ef	user_options->restore	0
TOP.61415d42.000199ef	user_options->restore_disable	0
TOP.61415d42.000199ef	user_options->restore_timer	60
TOP.61415d42.000199ef	user_options->rp_files_cnt	0
TOP.61415d42.000199ef	user_options->rp_gen	0
TOP.61415d42.000199ef	user_options->rp_gen_func_max	4
TOP.61415d42.000199ef	user_options->rp_gen_func_min	1
TOP.61415d42.000199ef	user_options->rp_gen_seed	0
TOP.61415d42.000199ef	user_options->runtime	0
TOP.61415d42.000199ef	user_options->scrypt_tmto	0
TOP.61415d42.000199ef	user_options->segment_size	33554432
TOP.61415d42.000199ef	user_options->self_test_disable	0
TOP.61415d42.000199ef	user_options->slow_candidates	0
TOP.61415d42.000199ef	user_options->show	0
TOP.61415d42.000199ef	user_options->speed_only	0
TOP.61415d42.000199ef	user_options->spin_damp	0
TOP.61415d42.000199ef	user_options->status	1
TOP.61415d42.000199ef	user_options->status_json	0
TOP.61415d42.000199ef	user_options->status_timer	3
TOP.61415d42.000199ef	user_options->stdout_flag	0
TOP.61415d42.000199ef	user_options->usage	0
TOP.61415d42.000199ef	user_options->username	0
TOP.61415d42.000199ef	user_options->veracrypt_pim_start	485
TOP.61415d42.000199ef	user_options->veracrypt_pim_stop	485
TOP.61415d42.000199ef	user_options->version	0
TOP.61415d42.000199ef	user_options->workload_profile	2
TOP.61415d42.000199ef	user_options->brain_client	0
TOP.61415d42.000199ef	user_options->brain_client_features	2
TOP.61415d42.000199ef	user_options->brain_server	0
TOP.61415d42.000199ef	user_options->brain_server_timer	300
TOP.61415d42.000199ef	user_options->brain_port	6863
TOP.61415d42.000199ef	user_options->brain_session	0
TOP.61415d42.000199ef	hashes->hashfile	/Users/luna/graduation-project/application/sweeney/temp/hashcat/2e1b4ca84a7d49d0bfc26805c0d847c1
TOP.61415d42.000199ef	hashes->hashlist_mode	5
TOP.61415d42.000199ef	hashes->hashlist_format	0
TOP.61415d42.000199ef	hashes->hashes_cnt	0
TOP.61415d42.000199ef	hashes->digests_cnt	1
TOP.61415d42.000199ef	hashes->digests_done	0
TOP.61415d42.000199ef	hashes->salts_cnt	1
TOP.61415d42.000199ef	hashes->salts_done	0
TOP.61415d42.000199ef	SUB.61415d43.00032821	START
TOP.61415d42.000199ef	SUB.61415d43.00032821	mask_ctx->mask	?l?l?l?l?l?l?l?l
TOP.61415f9e.00049aff	START
TOP.61415f9e.00049aff	folder_config->cwd	/Users/luna/graduation-project/application/sweeney/bin/hashcat-mac/bin
TOP.61415f9e.00049aff	folder_config->install_dir	/Users/luna/graduation-project/application/sweeney/bin/hashcat-mac/bin
TOP.61415f9e.00049aff	folder_config->profile_dir	/Users/luna/graduation-project/application/sweeney/bin/hashcat-mac/bin
TOP.61415f9e.00049aff	folder_config->session_dir	/Users/luna/graduation-project/application/sweeney/bin/hashcat-mac/bin
TOP.61415f9e.00049aff	folder_config->shared_dir	/Users/luna/graduation-project/application/sweeney/bin/hashcat-mac/bin
TOP.61415f9e.00049aff	user_options->separator	:
TOP.61415f9e.00049aff	user_options->encoding_from	utf-8
TOP.61415f9e.00049aff	user_options->encoding_to	utf-8
TOP.61415f9e.00049aff	user_options->rule_buf_l	:
TOP.61415f9e.00049aff	user_options->rule_buf_r	:
TOP.61415f9e.00049aff	user_options->session	hashcat
TOP.61415f9e.00049aff	user_options->limit	353046600
TOP.61415f9e.00049aff	user_options->skip	0
TOP.61415f9e.00049aff	user_options->attack_mode	3
TOP.61415f9e.00049aff	user_options->benchmark	0
TOP.61415f9e.00049aff	user_options->benchmark_all	0
TOP.61415f9e.00049aff	user_options->bitmap_max	18
TOP.61415f9e.00049aff	user_options->bitmap_min	16
TOP.61415f9e.00049aff	user_options->debug_mode	0
TOP.61415f9e.00049aff	user_options->example_hashes	0
TOP.61415f9e.00049aff	user_options->force	0
TOP.61415f9e.00049aff	user_options->hwmon_disable	1
TOP.61415f9e.00049aff	user_options->hwmon_temp_abort	0
TOP.61415f9e.00049aff	user_options->hash_mode	0
TOP.61415f9e.00049aff	user_options->hex_charset	0
TOP.61415f9e.00049aff	user_options->hex_salt	0
TOP.61415f9e.00049aff	user_options->hex_wordlist	0
TOP.61415f9e.00049aff	user_options->hook_threads	4
TOP.61415f9e.00049aff	user_options->increment	0
TOP.61415f9e.00049aff	user_options->increment_max	256
TOP.61415f9e.00049aff	user_options->increment_min	1
TOP.61415f9e.00049aff	user_options->keep_guessing	0
TOP.61415f9e.00049aff	user_options->kernel_accel	0
TOP.61415f9e.00049aff	user_options->kernel_loops	0
TOP.61415f9e.00049aff	user_options->kernel_threads	0
TOP.61415f9e.00049aff	user_options->keyspace	0
TOP.61415f9e.00049aff	user_options->left	0
TOP.61415f9e.00049aff	user_options->logfile_disable	0
TOP.61415f9e.00049aff	user_options->loopback	0
TOP.61415f9e.00049aff	user_options->machine_readable	1
TOP.61415f9e.00049aff	user_options->markov_classic	0
TOP.61415f9e.00049aff	user_options->markov_disable	0
TOP.61415f9e.00049aff	user_options->markov_threshold	256
TOP.61415f9e.00049aff	user_options->backend_info	0
TOP.61415f9e.00049aff	user_options->backend_vector_width	0
TOP.61415f9e.00049aff	user_options->optimized_kernel_enable	0
TOP.61415f9e.00049aff	user_options->outfile_autohex	1
TOP.61415f9e.00049aff	user_options->outfile_check_timer	5
TOP.61415f9e.00049aff	user_options->outfile_format	3
TOP.61415f9e.00049aff	user_options->wordlist_autohex_disable	0
TOP.61415f9e.00049aff	user_options->potfile_disable	0
TOP.61415f9e.00049aff	user_options->progress_only	0
TOP.61415f9e.00049aff	user_options->quiet	1
TOP.61415f9e.00049aff	user_options->remove	0
TOP.61415f9e.00049aff	user_options->remove_timer	60
TOP.61415f9e.00049aff	user_options->restore	0
TOP.61415f9e.00049aff	user_options->restore_disable	0
TOP.61415f9e.00049aff	user_options->restore_timer	60
TOP.61415f9e.00049aff	user_options->rp_files_cnt	0
TOP.61415f9e.00049aff	user_options->rp_gen	0
TOP.61415f9e.00049aff	user_options->rp_gen_func_max	4
TOP.61415f9e.00049aff	user_options->rp_gen_func_min	1
TOP.61415f9e.00049aff	user_options->rp_gen_seed	0
TOP.61415f9e.00049aff	user_options->runtime	0
TOP.61415f9e.00049aff	user_options->scrypt_tmto	0
TOP.61415f9e.00049aff	user_options->segment_size	33554432
TOP.61415f9e.00049aff	user_options->self_test_disable	0
TOP.61415f9e.00049aff	user_options->slow_candidates	0
TOP.61415f9e.00049aff	user_options->show	0
TOP.61415f9e.00049aff	user_options->speed_only	0
TOP.61415f9e.00049aff	user_options->spin_damp	0
TOP.61415f9e.00049aff	user_options->status	1
TOP.61415f9e.00049aff	user_options->status_json	0
TOP.61415f9e.00049aff	user_options->status_timer	3
TOP.61415f9e.00049aff	user_options->stdout_flag	0
TOP.61415f9e.00049aff	user_options->usage	0
TOP.61415f9e.00049aff	user_options->username	0
TOP.61415f9e.00049aff	user_options->veracrypt_pim_start	485
TOP.61415f9e.00049aff	user_options->veracrypt_pim_stop	485
TOP.61415f9e.00049aff	user_options->version	0
TOP.61415f9e.00049aff	user_options->workload_profile	2
TOP.61415f9e.00049aff	user_options->brain_client	0
TOP.61415f9e.00049aff	user_options->brain_client_features	2
TOP.61415f9e.00049aff	user_options->brain_server	0
TOP.61415f9e.00049aff	user_options->brain_server_timer	300
TOP.61415f9e.00049aff	user_options->brain_port	6863
TOP.61415f9e.00049aff	user_options->brain_session	0
TOP.61415f9e.00049aff	hashes->hashfile	/Users/luna/graduation-project/application/sweeney/temp/hashcat/02c93db4584046b1867faa18570eac2d
TOP.61415f9e.00049aff	hashes->hashlist_mode	5
TOP.61415f9e.00049aff	hashes->hashlist_format	0
TOP.61415f9e.00049aff	hashes->hashes_cnt	0
TOP.61415f9e.00049aff	hashes->digests_cnt	1
TOP.61415f9e.00049aff	hashes->digests_done	0
TOP.61415f9e.00049aff	hashes->salts_cnt	1
TOP.61415f9e.00049aff	hashes->salts_done	0
TOP.61415f9e.00049aff	SUB.61415f9f.000d7360	START
TOP.61415f9e.00049aff	SUB.61415f9f.000d7360	mask_ctx->mask	?l?l?l?l?l?l?l?l
TOP.614161fb.000015ca	START
TOP.614161fb.000015ca	folder_config->cwd	/Users/luna/graduation-project/application/sweeney/bin/hashcat-mac/bin
TOP.614161fb.000015ca	folder_config->install_dir	/Users/luna/graduation-project/application/sweeney/bin/hashcat-mac/bin
TOP.614161fb.000015ca	folder_config->profile_dir	/Users/luna/graduation-project/application/sweeney/bin/hashcat-mac/bin
TOP.614161fb.000015ca	folder_config->session_dir	/Users/luna/graduation-project/application/sweeney/bin/hashcat-mac/bin
TOP.614161fb.000015ca	folder_config->shared_dir	/Users/luna/graduation-project/application/sweeney/bin/hashcat-mac/bin
TOP.614161fb.000015ca	user_options->separator	:
TOP.614161fb.000015ca	user_options->encoding_from	utf-8
TOP.614161fb.000015ca	user_options->encoding_to	utf-8
TOP.614161fb.000015ca	user_options->rule_buf_l	:
TOP.614161fb.000015ca	user_options->rule_buf_r	:
TOP.614161fb.000015ca	user_options->session	hashcat
TOP.614161fb.000015ca	user_options->limit	353046600
TOP.614161fb.000015ca	user_options->skip	0
TOP.614161fb.000015ca	user_options->attack_mode	3
TOP.614161fb.000015ca	user_options->benchmark	0
TOP.614161fb.000015ca	user_options->benchmark_all	0
TOP.614161fb.000015ca	user_options->bitmap_max	18
TOP.614161fb.000015ca	user_options->bitmap_min	16
TOP.614161fb.000015ca	user_options->debug_mode	0
TOP.614161fb.000015ca	user_options->example_hashes	0
TOP.614161fb.000015ca	user_options->force	0
TOP.614161fb.000015ca	user_options->hwmon_disable	1
TOP.614161fb.000015ca	user_options->hwmon_temp_abort	0
TOP.614161fb.000015ca	user_options->hash_mode	0
TOP.614161fb.000015ca	user_options->hex_charset	0
TOP.614161fb.000015ca	user_options->hex_salt	0
TOP.614161fb.000015ca	user_options->hex_wordlist	0
TOP.614161fb.000015ca	user_options->hook_threads	4
TOP.614161fb.000015ca	user_options->increment	0
TOP.614161fb.000015ca	user_options->increment_max	256
TOP.614161fb.000015ca	user_options->increment_min	1
TOP.614161fb.000015ca	user_options->keep_guessing	0
TOP.614161fb.000015ca	user_options->kernel_accel	0
TOP.614161fb.000015ca	user_options->kernel_loops	0
TOP.614161fb.000015ca	user_options->kernel_threads	0
TOP.614161fb.000015ca	user_options->keyspace	0
TOP.614161fb.000015ca	user_options->left	0
TOP.614161fb.000015ca	user_options->logfile_disable	0
TOP.614161fb.000015ca	user_options->loopback	0
TOP.614161fb.000015ca	user_options->machine_readable	1
TOP.614161fb.000015ca	user_options->markov_classic	0
TOP.614161fb.000015ca	user_options->markov_disable	0
TOP.614161fb.000015ca	user_options->markov_threshold	256
TOP.614161fb.000015ca	user_options->backend_info	0
TOP.614161fb.000015ca	user_options->backend_vector_width	0
TOP.614161fb.000015ca	user_options->optimized_kernel_enable	0
TOP.614161fb.000015ca	user_options->outfile_autohex	1
TOP.614161fb.000015ca	user_options->outfile_check_timer	5
TOP.614161fb.000015ca	user_options->outfile_format	3
TOP.614161fb.000015ca	user_options->wordlist_autohex_disable	0
TOP.614161fb.000015ca	user_options->potfile_disable	0
TOP.614161fb.000015ca	user_options->progress_only	0
TOP.614161fb.000015ca	user_options->quiet	1
TOP.614161fb.000015ca	user_options->remove	0
TOP.614161fb.000015ca	user_options->remove_timer	60
TOP.614161fb.000015ca	user_options->restore	0
TOP.614161fb.000015ca	user_options->restore_disable	0
TOP.614161fb.000015ca	user_options->restore_timer	60
TOP.614161fb.000015ca	user_options->rp_files_cnt	0
TOP.614161fb.000015ca	user_options->rp_gen	0
TOP.614161fb.000015ca	user_options->rp_gen_func_max	4
TOP.614161fb.000015ca	user_options->rp_gen_func_min	1
TOP.614161fb.000015ca	user_options->rp_gen_seed	0
TOP.614161fb.000015ca	user_options->runtime	0
TOP.614161fb.000015ca	user_options->scrypt_tmto	0
TOP.614161fb.000015ca	user_options->segment_size	33554432
TOP.614161fb.000015ca	user_options->self_test_disable	0
TOP.614161fb.000015ca	user_options->slow_candidates	0
TOP.614161fb.000015ca	user_options->show	0
TOP.614161fb.000015ca	user_options->speed_only	0
TOP.614161fb.000015ca	user_options->spin_damp	0
TOP.614161fb.000015ca	user_options->status	1
TOP.614161fb.000015ca	user_options->status_json	0
TOP.614161fb.000015ca	user_options->status_timer	3
TOP.614161fb.000015ca	user_options->stdout_flag	0
TOP.614161fb.000015ca	user_options->usage	0
TOP.614161fb.000015ca	user_options->username	0
TOP.614161fb.000015ca	user_options->veracrypt_pim_start	485
TOP.614161fb.000015ca	user_options->veracrypt_pim_stop	485
TOP.614161fb.000015ca	user_options->version	0
TOP.614161fb.000015ca	user_options->workload_profile	2
TOP.614161fb.000015ca	user_options->brain_client	0
TOP.614161fb.000015ca	user_options->brain_client_features	2
TOP.614161fb.000015ca	user_options->brain_server	0
TOP.614161fb.000015ca	user_options->brain_server_timer	300
TOP.614161fb.000015ca	user_options->brain_port	6863
TOP.614161fb.000015ca	user_options->brain_session	0
TOP.614161fb.000015ca	hashes->hashfile	/Users/luna/graduation-project/application/sweeney/temp/hashcat/35f5e190ffe2430a8fb7ddd2f2d872c1
TOP.614161fb.000015ca	hashes->hashlist_mode	5
TOP.614161fb.000015ca	hashes->hashlist_format	0
TOP.614161fb.000015ca	hashes->hashes_cnt	0
TOP.614161fb.000015ca	hashes->digests_cnt	1
TOP.614161fb.000015ca	hashes->digests_done	0
TOP.614161fb.000015ca	hashes->salts_cnt	1
TOP.614161fb.000015ca	hashes->salts_done	0
TOP.614161fb.000015ca	SUB.614161fc.00053234	START
TOP.614161fb.000015ca	SUB.614161fc.00053234	mask_ctx->mask	?l?l?l?l?l?l?l?l
TOP.61445cee.000e8ccd	START
TOP.61445cee.000e8ccd	folder_config->cwd	/Users/luna/graduation-project/application/sweeney/bin/hashcat-mac/bin
TOP.61445cee.000e8ccd	folder_config->install_dir	/Users/luna/graduation-project/application/sweeney/bin/hashcat-mac/bin
TOP.61445cee.000e8ccd	folder_config->profile_dir	/Users/luna/graduation-project/application/sweeney/bin/hashcat-mac/bin
TOP.61445cee.000e8ccd	folder_config->session_dir	/Users/luna/graduation-project/application/sweeney/bin/hashcat-mac/bin
TOP.61445cee.000e8ccd	folder_config->shared_dir	/Users/luna/graduation-project/application/sweeney/bin/hashcat-mac/bin
TOP.61445cee.000e8ccd	user_options->separator	:
TOP.61445cee.000e8ccd	user_options->encoding_from	utf-8
TOP.61445cee.000e8ccd	user_options->encoding_to	utf-8
TOP.61445cee.000e8ccd	user_options->rule_buf_l	:
TOP.61445cee.000e8ccd	user_options->rule_buf_r	:
TOP.61445cee.000e8ccd	user_options->session	hashcat
TOP.61445cee.000e8ccd	user_options->limit	353046600
TOP.61445cee.000e8ccd	user_options->skip	0
TOP.61445cee.000e8ccd	user_options->attack_mode	3
TOP.61445cee.000e8ccd	user_options->benchmark	0
TOP.61445cee.000e8ccd	user_options->benchmark_all	0
TOP.61445cee.000e8ccd	user_options->bitmap_max	18
TOP.61445cee.000e8ccd	user_options->bitmap_min	16
TOP.61445cee.000e8ccd	user_options->debug_mode	0
TOP.61445cee.000e8ccd	user_options->example_hashes	0
TOP.61445cee.000e8ccd	user_options->force	0
TOP.61445cee.000e8ccd	user_options->hwmon_disable	1
TOP.61445cee.000e8ccd	user_options->hwmon_temp_abort	0
TOP.61445cee.000e8ccd	user_options->hash_mode	0
TOP.61445cee.000e8ccd	user_options->hex_charset	0
TOP.61445cee.000e8ccd	user_options->hex_salt	0
TOP.61445cee.000e8ccd	user_options->hex_wordlist	0
TOP.61445cee.000e8ccd	user_options->hook_threads	4
TOP.61445cee.000e8ccd	user_options->increment	0
TOP.61445cee.000e8ccd	user_options->increment_max	256
TOP.61445cee.000e8ccd	user_options->increment_min	1
TOP.61445cee.000e8ccd	user_options->keep_guessing	0
TOP.61445cee.000e8ccd	user_options->kernel_accel	0
TOP.61445cee.000e8ccd	user_options->kernel_loops	0
TOP.61445cee.000e8ccd	user_options->kernel_threads	0
TOP.61445cee.000e8ccd	user_options->keyspace	0
TOP.61445cee.000e8ccd	user_options->left	0
TOP.61445cee.000e8ccd	user_options->logfile_disable	0
TOP.61445cee.000e8ccd	user_options->loopback	0
TOP.61445cee.000e8ccd	user_options->machine_readable	1
TOP.61445cee.000e8ccd	user_options->markov_classic	0
TOP.61445cee.000e8ccd	user_options->markov_disable	0
TOP.61445cee.000e8ccd	user_options->markov_threshold	256
TOP.61445cee.000e8ccd	user_options->backend_info	0
TOP.61445cee.000e8ccd	user_options->backend_vector_width	0
TOP.61445cee.000e8ccd	user_options->optimized_kernel_enable	0
TOP.61445cee.000e8ccd	user_options->outfile_autohex	1
TOP.61445cee.000e8ccd	user_options->outfile_check_timer	5
TOP.61445cee.000e8ccd	user_options->outfile_format	3
TOP.61445cee.000e8ccd	user_options->wordlist_autohex_disable	0
TOP.61445cee.000e8ccd	user_options->potfile_disable	0
TOP.61445cee.000e8ccd	user_options->progress_only	0
TOP.61445cee.000e8ccd	user_options->quiet	1
TOP.61445cee.000e8ccd	user_options->remove	0
TOP.61445cee.000e8ccd	user_options->remove_timer	60
TOP.61445cee.000e8ccd	user_options->restore	0
TOP.61445cee.000e8ccd	user_options->restore_disable	0
TOP.61445cee.000e8ccd	user_options->restore_timer	60
TOP.61445cee.000e8ccd	user_options->rp_files_cnt	0
TOP.61445cee.000e8ccd	user_options->rp_gen	0
TOP.61445cee.000e8ccd	user_options->rp_gen_func_max	4
TOP.61445cee.000e8ccd	user_options->rp_gen_func_min	1
TOP.61445cee.000e8ccd	user_options->rp_gen_seed	0
TOP.61445cee.000e8ccd	user_options->runtime	0
TOP.61445cee.000e8ccd	user_options->scrypt_tmto	0
TOP.61445cee.000e8ccd	user_options->segment_size	33554432
TOP.61445cee.000e8ccd	user_options->self_test_disable	0
TOP.61445cee.000e8ccd	user_options->slow_candidates	0
TOP.61445cee.000e8ccd	user_options->show	0
TOP.61445cee.000e8ccd	user_options->speed_only	0
TOP.61445cee.000e8ccd	user_options->spin_damp	0
TOP.61445cee.000e8ccd	user_options->status	1
TOP.61445cee.000e8ccd	user_options->status_json	0
TOP.61445cee.000e8ccd	user_options->status_timer	3
TOP.61445cee.000e8ccd	user_options->stdout_flag	0
TOP.61445cee.000e8ccd	user_options->usage	0
TOP.61445cee.000e8ccd	user_options->username	0
TOP.61445cee.000e8ccd	user_options->veracrypt_pim_start	485
TOP.61445cee.000e8ccd	user_options->veracrypt_pim_stop	485
TOP.61445cee.000e8ccd	user_options->version	0
TOP.61445cee.000e8ccd	user_options->workload_profile	2
TOP.61445cee.000e8ccd	user_options->brain_client	0
TOP.61445cee.000e8ccd	user_options->brain_client_features	2
TOP.61445cee.000e8ccd	user_options->brain_server	0
TOP.61445cee.000e8ccd	user_options->brain_server_timer	300
TOP.61445cee.000e8ccd	user_options->brain_port	6863
TOP.61445cee.000e8ccd	user_options->brain_session	0
TOP.61445cee.000e8ccd	hashes->hashfile	/Users/luna/graduation-project/application/sweeney/temp/hashcat/453f5813d1a345068a5f1e196bea0cfa
TOP.61445cee.000e8ccd	hashes->hashlist_mode	5
TOP.61445cee.000e8ccd	hashes->hashlist_format	0
TOP.61445cee.000e8ccd	hashes->hashes_cnt	0
TOP.61445cee.000e8ccd	hashes->digests_cnt	1
TOP.61445cee.000e8ccd	hashes->digests_done	0
TOP.61445cee.000e8ccd	hashes->salts_cnt	1
TOP.61445cee.000e8ccd	hashes->salts_done	0
TOP.61445cee.000e8ccd	SUB.61445cf2.00074d60	START
TOP.61445cee.000e8ccd	SUB.61445cf2.00074d60	mask_ctx->mask	?l?l?l?l?l?l?l?l
TOP.61445dba.00065704	START
TOP.61445dba.00065704	folder_config->cwd	/Users/luna/graduation-project/application/sweeney/bin/hashcat-mac/bin
TOP.61445dba.00065704	folder_config->install_dir	/Users/luna/graduation-project/application/sweeney/bin/hashcat-mac/bin
TOP.61445dba.00065704	folder_config->profile_dir	/Users/luna/graduation-project/application/sweeney/bin/hashcat-mac/bin
TOP.61445dba.00065704	folder_config->session_dir	/Users/luna/graduation-project/application/sweeney/bin/hashcat-mac/bin
TOP.61445dba.00065704	folder_config->shared_dir	/Users/luna/graduation-project/application/sweeney/bin/hashcat-mac/bin
TOP.61445dba.00065704	user_options->separator	:
TOP.61445dba.00065704	user_options->encoding_from	utf-8
TOP.61445dba.00065704	user_options->encoding_to	utf-8
TOP.61445dba.00065704	user_options->rule_buf_l	:
TOP.61445dba.00065704	user_options->rule_buf_r	:
TOP.61445dba.00065704	user_options->session	hashcat
TOP.61445dba.00065704	user_options->limit	353046600
TOP.61445dba.00065704	user_options->skip	0
TOP.61445dba.00065704	user_options->attack_mode	3
TOP.61445dba.00065704	user_options->benchmark	0
TOP.61445dba.00065704	user_options->benchmark_all	0
TOP.61445dba.00065704	user_options->bitmap_max	18
TOP.61445dba.00065704	user_options->bitmap_min	16
TOP.61445dba.00065704	user_options->debug_mode	0
TOP.61445dba.00065704	user_options->example_hashes	0
TOP.61445dba.00065704	user_options->force	0
TOP.61445dba.00065704	user_options->hwmon_disable	1
TOP.61445dba.00065704	user_options->hwmon_temp_abort	0
TOP.61445dba.00065704	user_options->hash_mode	0
TOP.61445dba.00065704	user_options->hex_charset	0
TOP.61445dba.00065704	user_options->hex_salt	0
TOP.61445dba.00065704	user_options->hex_wordlist	0
TOP.61445dba.00065704	user_options->hook_threads	4
TOP.61445dba.00065704	user_options->increment	0
TOP.61445dba.00065704	user_options->increment_max	256
TOP.61445dba.00065704	user_options->increment_min	1
TOP.61445dba.00065704	user_options->keep_guessing	0
TOP.61445dba.00065704	user_options->kernel_accel	0
TOP.61445dba.00065704	user_options->kernel_loops	0
TOP.61445dba.00065704	user_options->kernel_threads	0
TOP.61445dba.00065704	user_options->keyspace	0
TOP.61445dba.00065704	user_options->left	0
TOP.61445dba.00065704	user_options->logfile_disable	0
TOP.61445dba.00065704	user_options->loopback	0
TOP.61445dba.00065704	user_options->machine_readable	1
TOP.61445dba.00065704	user_options->markov_classic	0
TOP.61445dba.00065704	user_options->markov_disable	0
TOP.61445dba.00065704	user_options->markov_threshold	256
TOP.61445dba.00065704	user_options->backend_info	0
TOP.61445dba.00065704	user_options->backend_vector_width	0
TOP.61445dba.00065704	user_options->optimized_kernel_enable	0
TOP.61445dba.00065704	user_options->outfile_autohex	1
TOP.61445dba.00065704	user_options->outfile_check_timer	5
TOP.61445dba.00065704	user_options->outfile_format	3
TOP.61445dba.00065704	user_options->wordlist_autohex_disable	0
TOP.61445dba.00065704	user_options->potfile_disable	0
TOP.61445dba.00065704	user_options->progress_only	0
TOP.61445dba.00065704	user_options->quiet	1
TOP.61445dba.00065704	user_options->remove	0
TOP.61445dba.00065704	user_options->remove_timer	60
TOP.61445dba.00065704	user_options->restore	0
TOP.61445dba.00065704	user_options->restore_disable	0
TOP.61445dba.00065704	user_options->restore_timer	60
TOP.61445dba.00065704	user_options->rp_files_cnt	0
TOP.61445dba.00065704	user_options->rp_gen	0
TOP.61445dba.00065704	user_options->rp_gen_func_max	4
TOP.61445dba.00065704	user_options->rp_gen_func_min	1
TOP.61445dba.00065704	user_options->rp_gen_seed	0
TOP.61445dba.00065704	user_options->runtime	0
TOP.61445dba.00065704	user_options->scrypt_tmto	0
TOP.61445dba.00065704	user_options->segment_size	33554432
TOP.61445dba.00065704	user_options->self_test_disable	0
TOP.61445dba.00065704	user_options->slow_candidates	0
TOP.61445dba.00065704	user_options->show	0
TOP.61445dba.00065704	user_options->speed_only	0
TOP.61445dba.00065704	user_options->spin_damp	0
TOP.61445dba.00065704	user_options->status	1
TOP.61445dba.00065704	user_options->status_json	0
TOP.61445dba.00065704	user_options->status_timer	3
TOP.61445dba.00065704	user_options->stdout_flag	0
TOP.61445dba.00065704	user_options->usage	0
TOP.61445dba.00065704	user_options->username	0
TOP.61445dba.00065704	user_options->veracrypt_pim_start	485
TOP.61445dba.00065704	user_options->veracrypt_pim_stop	485
TOP.61445dba.00065704	user_options->version	0
TOP.61445dba.00065704	user_options->workload_profile	2
TOP.61445dba.00065704	user_options->brain_client	0
TOP.61445dba.00065704	user_options->brain_client_features	2
TOP.61445dba.00065704	user_options->brain_server	0
TOP.61445dba.00065704	user_options->brain_server_timer	300
TOP.61445dba.00065704	user_options->brain_port	6863
TOP.61445dba.00065704	user_options->brain_session	0
TOP.61445dba.00065704	hashes->hashfile	/Users/luna/graduation-project/application/sweeney/temp/hashcat/aaef69c041c241e4a33934d2a37cbe12
TOP.61445dba.00065704	hashes->hashlist_mode	5
TOP.61445dba.00065704	hashes->hashlist_format	0
TOP.61445dba.00065704	hashes->hashes_cnt	0
TOP.61445dba.00065704	hashes->digests_cnt	1
TOP.61445dba.00065704	hashes->digests_done	0
TOP.61445dba.00065704	hashes->salts_cnt	1
TOP.61445dba.00065704	hashes->salts_done	0
TOP.61445dba.00065704	SUB.61445dbc.000b5afd	START
TOP.61445dba.00065704	SUB.61445dbc.000b5afd	mask_ctx->mask	?l?l?l?l?l?l?l?l
TOP.6148ab02.000175cb	START
TOP.6148ab02.000175cb	folder_config->cwd	/Users/luna/graduation-project/application/sweeney/bin/hashcat-mac/bin
TOP.6148ab02.000175cb	folder_config->install_dir	/Users/luna/graduation-project/application/sweeney/bin/hashcat-mac/bin
TOP.6148ab02.000175cb	folder_config->profile_dir	/Users/luna/graduation-project/application/sweeney/bin/hashcat-mac/bin
TOP.6148ab02.000175cb	folder_config->session_dir	/Users/luna/graduation-project/application/sweeney/bin/hashcat-mac/bin
TOP.6148ab02.000175cb	folder_config->shared_dir	/Users/luna/graduation-project/application/sweeney/bin/hashcat-mac/bin
TOP.6148ab02.000175cb	user_options->separator	:
TOP.6148ab02.000175cb	user_options->encoding_from	utf-8
TOP.6148ab02.000175cb	user_options->encoding_to	utf-8
TOP.6148ab02.000175cb	user_options->rule_buf_l	:
TOP.6148ab02.000175cb	user_options->rule_buf_r	:
TOP.6148ab02.000175cb	user_options->session	hashcat
TOP.6148ab02.000175cb	user_options->limit	353046600
TOP.6148ab02.000175cb	user_options->skip	0
TOP.6148ab02.000175cb	user_options->attack_mode	3
TOP.6148ab02.000175cb	user_options->benchmark	0
TOP.6148ab02.000175cb	user_options->benchmark_all	0
TOP.6148ab02.000175cb	user_options->bitmap_max	18
TOP.6148ab02.000175cb	user_options->bitmap_min	16
TOP.6148ab02.000175cb	user_options->debug_mode	0
TOP.6148ab02.000175cb	user_options->example_hashes	0
TOP.6148ab02.000175cb	user_options->force	0
TOP.6148ab02.000175cb	user_options->hwmon_disable	1
TOP.6148ab02.000175cb	user_options->hwmon_temp_abort	0
TOP.6148ab02.000175cb	user_options->hash_mode	0
TOP.6148ab02.000175cb	user_options->hex_charset	0
TOP.6148ab02.000175cb	user_options->hex_salt	0
TOP.6148ab02.000175cb	user_options->hex_wordlist	0
TOP.6148ab02.000175cb	user_options->hook_threads	4
TOP.6148ab02.000175cb	user_options->increment	0
TOP.6148ab02.000175cb	user_options->increment_max	256
TOP.6148ab02.000175cb	user_options->increment_min	1
TOP.6148ab02.000175cb	user_options->keep_guessing	0
TOP.6148ab02.000175cb	user_options->kernel_accel	0
TOP.6148ab02.000175cb	user_options->kernel_loops	0
TOP.6148ab02.000175cb	user_options->kernel_threads	0
TOP.6148ab02.000175cb	user_options->keyspace	0
TOP.6148ab02.000175cb	user_options->left	0
TOP.6148ab02.000175cb	user_options->logfile_disable	0
TOP.6148ab02.000175cb	user_options->loopback	0
TOP.6148ab02.000175cb	user_options->machine_readable	1
TOP.6148ab02.000175cb	user_options->markov_classic	0
TOP.6148ab02.000175cb	user_options->markov_disable	0
TOP.6148ab02.000175cb	user_options->markov_threshold	256
TOP.6148ab02.000175cb	user_options->backend_info	0
TOP.6148ab02.000175cb	user_options->backend_vector_width	0
TOP.6148ab02.000175cb	user_options->optimized_kernel_enable	0
TOP.6148ab02.000175cb	user_options->outfile_autohex	1
TOP.6148ab02.000175cb	user_options->outfile_check_timer	5
TOP.6148ab02.000175cb	user_options->outfile_format	3
TOP.6148ab02.000175cb	user_options->wordlist_autohex_disable	0
TOP.6148ab02.000175cb	user_options->potfile_disable	0
TOP.6148ab02.000175cb	user_options->progress_only	0
TOP.6148ab02.000175cb	user_options->quiet	1
TOP.6148ab02.000175cb	user_options->remove	0
TOP.6148ab02.000175cb	user_options->remove_timer	60
TOP.6148ab02.000175cb	user_options->restore	0
TOP.6148ab02.000175cb	user_options->restore_disable	0
TOP.6148ab02.000175cb	user_options->restore_timer	60
TOP.6148ab02.000175cb	user_options->rp_files_cnt	0
TOP.6148ab02.000175cb	user_options->rp_gen	0
TOP.6148ab02.000175cb	user_options->rp_gen_func_max	4
TOP.6148ab02.000175cb	user_options->rp_gen_func_min	1
TOP.6148ab02.000175cb	user_options->rp_gen_seed	0
TOP.6148ab02.000175cb	user_options->runtime	0
TOP.6148ab02.000175cb	user_options->scrypt_tmto	0
TOP.6148ab02.000175cb	user_options->segment_size	33554432
TOP.6148ab02.000175cb	user_options->self_test_disable	0
TOP.6148ab02.000175cb	user_options->slow_candidates	0
TOP.6148ab02.000175cb	user_options->show	0
TOP.6148ab02.000175cb	user_options->speed_only	0
TOP.6148ab02.000175cb	user_options->spin_damp	0
TOP.6148ab02.000175cb	user_options->status	1
TOP.6148ab02.000175cb	user_options->status_json	0
TOP.6148ab02.000175cb	user_options->status_timer	3
TOP.6148ab02.000175cb	user_options->stdout_flag	0
TOP.6148ab02.000175cb	user_options->usage	0
TOP.6148ab02.000175cb	user_options->username	0
TOP.6148ab02.000175cb	user_options->veracrypt_pim_start	485
TOP.6148ab02.000175cb	user_options->veracrypt_pim_stop	485
TOP.6148ab02.000175cb	user_options->version	0
TOP.6148ab02.000175cb	user_options->workload_profile	2
TOP.6148ab02.000175cb	user_options->brain_client	0
TOP.6148ab02.000175cb	user_options->brain_client_features	2
TOP.6148ab02.000175cb	user_options->brain_server	0
TOP.6148ab02.000175cb	user_options->brain_server_timer	300
TOP.6148ab02.000175cb	user_options->brain_port	6863
TOP.6148ab02.000175cb	user_options->brain_session	0
TOP.6148ab02.000175cb	hashes->hashfile	/Users/luna/graduation-project/application/sweeney/temp/hashcat/0tKe5QN5lgwnnEOPDNFgS6mF50nN0rg3
TOP.6148ab02.000175cb	hashes->hashlist_mode	5
TOP.6148ab02.000175cb	hashes->hashlist_format	0
TOP.6148ab02.000175cb	hashes->hashes_cnt	0
TOP.6148ab02.000175cb	hashes->digests_cnt	1
TOP.6148ab02.000175cb	hashes->digests_done	0
TOP.6148ab02.000175cb	hashes->salts_cnt	1
TOP.6148ab02.000175cb	hashes->salts_done	0
TOP.6148ab02.000175cb	SUB.6148ab02.000ee1fd	START
TOP.6148ab02.000175cb	SUB.6148ab02.000ee1fd	mask_ctx->mask	?l?l?l?l?l?l?l?l
TOP.6148ad5e.0001b5a8	START
TOP.6148ad5e.0001b5a8	folder_config->cwd	/Users/luna/graduation-project/application/sweeney/bin/hashcat-mac/bin
TOP.6148ad5e.0001b5a8	folder_config->install_dir	/Users/luna/graduation-project/application/sweeney/bin/hashcat-mac/bin
TOP.6148ad5e.0001b5a8	folder_config->profile_dir	/Users/luna/graduation-project/application/sweeney/bin/hashcat-mac/bin
TOP.6148ad5e.0001b5a8	folder_config->session_dir	/Users/luna/graduation-project/application/sweeney/bin/hashcat-mac/bin
TOP.6148ad5e.0001b5a8	folder_config->shared_dir	/Users/luna/graduation-project/application/sweeney/bin/hashcat-mac/bin
TOP.6148ad5e.0001b5a8	user_options->separator	:
TOP.6148ad5e.0001b5a8	user_options->encoding_from	utf-8
TOP.6148ad5e.0001b5a8	user_options->encoding_to	utf-8
TOP.6148ad5e.0001b5a8	user_options->rule_buf_l	:
TOP.6148ad5e.0001b5a8	user_options->rule_buf_r	:
TOP.6148ad5e.0001b5a8	user_options->session	hashcat
TOP.6148ad5e.0001b5a8	user_options->limit	353046600
TOP.6148ad5e.0001b5a8	user_options->skip	0
TOP.6148ad5e.0001b5a8	user_options->attack_mode	3
TOP.6148ad5e.0001b5a8	user_options->benchmark	0
TOP.6148ad5e.0001b5a8	user_options->benchmark_all	0
TOP.6148ad5e.0001b5a8	user_options->bitmap_max	18
TOP.6148ad5e.0001b5a8	user_options->bitmap_min	16
TOP.6148ad5e.0001b5a8	user_options->debug_mode	0
TOP.6148ad5e.0001b5a8	user_options->example_hashes	0
TOP.6148ad5e.0001b5a8	user_options->force	0
TOP.6148ad5e.0001b5a8	user_options->hwmon_disable	1
TOP.6148ad5e.0001b5a8	user_options->hwmon_temp_abort	0
TOP.6148ad5e.0001b5a8	user_options->hash_mode	0
TOP.6148ad5e.0001b5a8	user_options->hex_charset	0
TOP.6148ad5e.0001b5a8	user_options->hex_salt	0
TOP.6148ad5e.0001b5a8	user_options->hex_wordlist	0
TOP.6148ad5e.0001b5a8	user_options->hook_threads	4
TOP.6148ad5e.0001b5a8	user_options->increment	0
TOP.6148ad5e.0001b5a8	user_options->increment_max	256
TOP.6148ad5e.0001b5a8	user_options->increment_min	1
TOP.6148ad5e.0001b5a8	user_options->keep_guessing	0
TOP.6148ad5e.0001b5a8	user_options->kernel_accel	0
TOP.6148ad5e.0001b5a8	user_options->kernel_loops	0
TOP.6148ad5e.0001b5a8	user_options->kernel_threads	0
TOP.6148ad5e.0001b5a8	user_options->keyspace	0
TOP.6148ad5e.0001b5a8	user_options->left	0
TOP.6148ad5e.0001b5a8	user_options->logfile_disable	0
TOP.6148ad5e.0001b5a8	user_options->loopback	0
TOP.6148ad5e.0001b5a8	user_options->machine_readable	1
TOP.6148ad5e.0001b5a8	user_options->markov_classic	0
TOP.6148ad5e.0001b5a8	user_options->markov_disable	0
TOP.6148ad5e.0001b5a8	user_options->markov_threshold	256
TOP.6148ad5e.0001b5a8	user_options->backend_info	0
TOP.6148ad5e.0001b5a8	user_options->backend_vector_width	0
TOP.6148ad5e.0001b5a8	user_options->optimized_kernel_enable	0
TOP.6148ad5e.0001b5a8	user_options->outfile_autohex	1
TOP.6148ad5e.0001b5a8	user_options->outfile_check_timer	5
TOP.6148ad5e.0001b5a8	user_options->outfile_format	3
TOP.6148ad5e.0001b5a8	user_options->wordlist_autohex_disable	0
TOP.6148ad5e.0001b5a8	user_options->potfile_disable	0
TOP.6148ad5e.0001b5a8	user_options->progress_only	0
TOP.6148ad5e.0001b5a8	user_options->quiet	1
TOP.6148ad5e.0001b5a8	user_options->remove	0
TOP.6148ad5e.0001b5a8	user_options->remove_timer	60
TOP.6148ad5e.0001b5a8	user_options->restore	0
TOP.6148ad5e.0001b5a8	user_options->restore_disable	0
TOP.6148ad5e.0001b5a8	user_options->restore_timer	60
TOP.6148ad5e.0001b5a8	user_options->rp_files_cnt	0
TOP.6148ad5e.0001b5a8	user_options->rp_gen	0
TOP.6148ad5e.0001b5a8	user_options->rp_gen_func_max	4
TOP.6148ad5e.0001b5a8	user_options->rp_gen_func_min	1
TOP.6148ad5e.0001b5a8	user_options->rp_gen_seed	0
TOP.6148ad5e.0001b5a8	user_options->runtime	0
TOP.6148ad5e.0001b5a8	user_options->scrypt_tmto	0
TOP.6148ad5e.0001b5a8	user_options->segment_size	33554432
TOP.6148ad5e.0001b5a8	user_options->self_test_disable	0
TOP.6148ad5e.0001b5a8	user_options->slow_candidates	0
TOP.6148ad5e.0001b5a8	user_options->show	0
TOP.6148ad5e.0001b5a8	user_options->speed_only	0
TOP.6148ad5e.0001b5a8	user_options->spin_damp	0
TOP.6148ad5e.0001b5a8	user_options->status	1
TOP.6148ad5e.0001b5a8	user_options->status_json	0
TOP.6148ad5e.0001b5a8	user_options->status_timer	3
TOP.6148ad5e.0001b5a8	user_options->stdout_flag	0
TOP.6148ad5e.0001b5a8	user_options->usage	0
TOP.6148ad5e.0001b5a8	user_options->username	0
TOP.6148ad5e.0001b5a8	user_options->veracrypt_pim_start	485
TOP.6148ad5e.0001b5a8	user_options->veracrypt_pim_stop	485
TOP.6148ad5e.0001b5a8	user_options->version	0
TOP.6148ad5e.0001b5a8	user_options->workload_profile	2
TOP.6148ad5e.0001b5a8	user_options->brain_client	0
TOP.6148ad5e.0001b5a8	user_options->brain_client_features	2
TOP.6148ad5e.0001b5a8	user_options->brain_server	0
TOP.6148ad5e.0001b5a8	user_options->brain_server_timer	300
TOP.6148ad5e.0001b5a8	user_options->brain_port	6863
TOP.6148ad5e.0001b5a8	user_options->brain_session	0
TOP.6148ad5e.0001b5a8	hashes->hashfile	/Users/luna/graduation-project/application/sweeney/temp/hashcat/8qIEpIFeL7lQpwP23hcfU6FBpjFP8GeV
TOP.6148ad5e.0001b5a8	hashes->hashlist_mode	5
TOP.6148ad5e.0001b5a8	hashes->hashlist_format	0
TOP.6148ad5e.0001b5a8	hashes->hashes_cnt	0
TOP.6148ad5e.0001b5a8	hashes->digests_cnt	1
TOP.6148ad5e.0001b5a8	hashes->digests_done	0
TOP.6148ad5e.0001b5a8	hashes->salts_cnt	1
TOP.6148ad5e.0001b5a8	hashes->salts_done	0
TOP.6148ad5e.0001b5a8	SUB.6148ad5f.000dc001	START
TOP.6148ad5e.0001b5a8	SUB.6148ad5f.000dc001	mask_ctx->mask	?l?l?l?l?l?l?l?l
TOP.6148afba.0001f618	START
TOP.6148afba.0001f618	folder_config->cwd	/Users/luna/graduation-project/application/sweeney/bin/hashcat-mac/bin
TOP.6148afba.0001f618	folder_config->install_dir	/Users/luna/graduation-project/application/sweeney/bin/hashcat-mac/bin
TOP.6148afba.0001f618	folder_config->profile_dir	/Users/luna/graduation-project/application/sweeney/bin/hashcat-mac/bin
TOP.6148afba.0001f618	folder_config->session_dir	/Users/luna/graduation-project/application/sweeney/bin/hashcat-mac/bin
TOP.6148afba.0001f618	folder_config->shared_dir	/Users/luna/graduation-project/application/sweeney/bin/hashcat-mac/bin
TOP.6148afba.0001f618	user_options->separator	:
TOP.6148afba.0001f618	user_options->encoding_from	utf-8
TOP.6148afba.0001f618	user_options->encoding_to	utf-8
TOP.6148afba.0001f618	user_options->rule_buf_l	:
TOP.6148afba.0001f618	user_options->rule_buf_r	:
TOP.6148afba.0001f618	user_options->session	hashcat
TOP.6148afba.0001f618	user_options->limit	353046600
TOP.6148afba.0001f618	user_options->skip	0
TOP.6148afba.0001f618	user_options->attack_mode	3
TOP.6148afba.0001f618	user_options->benchmark	0
TOP.6148afba.0001f618	user_options->benchmark_all	0
TOP.6148afba.0001f618	user_options->bitmap_max	18
TOP.6148afba.0001f618	user_options->bitmap_min	16
TOP.6148afba.0001f618	user_options->debug_mode	0
TOP.6148afba.0001f618	user_options->example_hashes	0
TOP.6148afba.0001f618	user_options->force	0
TOP.6148afba.0001f618	user_options->hwmon_disable	1
TOP.6148afba.0001f618	user_options->hwmon_temp_abort	0
TOP.6148afba.0001f618	user_options->hash_mode	0
TOP.6148afba.0001f618	user_options->hex_charset	0
TOP.6148afba.0001f618	user_options->hex_salt	0
TOP.6148afba.0001f618	user_options->hex_wordlist	0
TOP.6148afba.0001f618	user_options->hook_threads	4
TOP.6148afba.0001f618	user_options->increment	0
TOP.6148afba.0001f618	user_options->increment_max	256
TOP.6148afba.0001f618	user_options->increment_min	1
TOP.6148afba.0001f618	user_options->keep_guessing	0
TOP.6148afba.0001f618	user_options->kernel_accel	0
TOP.6148afba.0001f618	user_options->kernel_loops	0
TOP.6148afba.0001f618	user_options->kernel_threads	0
TOP.6148afba.0001f618	user_options->keyspace	0
TOP.6148afba.0001f618	user_options->left	0
TOP.6148afba.0001f618	user_options->logfile_disable	0
TOP.6148afba.0001f618	user_options->loopback	0
TOP.6148afba.0001f618	user_options->machine_readable	1
TOP.6148afba.0001f618	user_options->markov_classic	0
TOP.6148afba.0001f618	user_options->markov_disable	0
TOP.6148afba.0001f618	user_options->markov_threshold	256
TOP.6148afba.0001f618	user_options->backend_info	0
TOP.6148afba.0001f618	user_options->backend_vector_width	0
TOP.6148afba.0001f618	user_options->optimized_kernel_enable	0
TOP.6148afba.0001f618	user_options->outfile_autohex	1
TOP.6148afba.0001f618	user_options->outfile_check_timer	5
TOP.6148afba.0001f618	user_options->outfile_format	3
TOP.6148afba.0001f618	user_options->wordlist_autohex_disable	0
TOP.6148afba.0001f618	user_options->potfile_disable	0
TOP.6148afba.0001f618	user_options->progress_only	0
TOP.6148afba.0001f618	user_options->quiet	1
TOP.6148afba.0001f618	user_options->remove	0
TOP.6148afba.0001f618	user_options->remove_timer	60
TOP.6148afba.0001f618	user_options->restore	0
TOP.6148afba.0001f618	user_options->restore_disable	0
TOP.6148afba.0001f618	user_options->restore_timer	60
TOP.6148afba.0001f618	user_options->rp_files_cnt	0
TOP.6148afba.0001f618	user_options->rp_gen	0
TOP.6148afba.0001f618	user_options->rp_gen_func_max	4
TOP.6148afba.0001f618	user_options->rp_gen_func_min	1
TOP.6148afba.0001f618	user_options->rp_gen_seed	0
TOP.6148afba.0001f618	user_options->runtime	0
TOP.6148afba.0001f618	user_options->scrypt_tmto	0
TOP.6148afba.0001f618	user_options->segment_size	33554432
TOP.6148afba.0001f618	user_options->self_test_disable	0
TOP.6148afba.0001f618	user_options->slow_candidates	0
TOP.6148afba.0001f618	user_options->show	0
TOP.6148afba.0001f618	user_options->speed_only	0
TOP.6148afba.0001f618	user_options->spin_damp	0
TOP.6148afba.0001f618	user_options->status	1
TOP.6148afba.0001f618	user_options->status_json	0
TOP.6148afba.0001f618	user_options->status_timer	3
TOP.6148afba.0001f618	user_options->stdout_flag	0
TOP.6148afba.0001f618	user_options->usage	0
TOP.6148afba.0001f618	user_options->username	0
TOP.6148afba.0001f618	user_options->veracrypt_pim_start	485
TOP.6148afba.0001f618	user_options->veracrypt_pim_stop	485
TOP.6148afba.0001f618	user_options->version	0
TOP.6148afba.0001f618	user_options->workload_profile	2
TOP.6148afba.0001f618	user_options->brain_client	0
TOP.6148afba.0001f618	user_options->brain_client_features	2
TOP.6148afba.0001f618	user_options->brain_server	0
TOP.6148afba.0001f618	user_options->brain_server_timer	300
TOP.6148afba.0001f618	user_options->brain_port	6863
TOP.6148afba.0001f618	user_options->brain_session	0
TOP.6148afba.0001f618	hashes->hashfile	/Users/luna/graduation-project/application/sweeney/temp/hashcat/KFWHs1u9YK4jyRmafwUlFlxXUFVEmuGq
TOP.6148afba.0001f618	hashes->hashlist_mode	5
TOP.6148afba.0001f618	hashes->hashlist_format	0
TOP.6148afba.0001f618	hashes->hashes_cnt	0
TOP.6148afba.0001f618	hashes->digests_cnt	1
TOP.6148afba.0001f618	hashes->digests_done	0
TOP.6148afba.0001f618	hashes->salts_cnt	1
TOP.6148afba.0001f618	hashes->salts_done	0
TOP.6148afba.0001f618	SUB.6148afbb.0003eddc	START
TOP.6148afba.0001f618	SUB.6148afbb.0003eddc	mask_ctx->mask	?l?l?l?l?l?l?l?l
TOP.6148c1c5.00041dd1	START
TOP.6148c1c5.00041dd1	user_options->separator	:
TOP.6148c1c5.00041dd1	user_options->encoding_from	utf-8
TOP.6148c1c5.00041dd1	user_options->encoding_to	utf-8
TOP.6148c1c5.00041dd1	user_options->rule_buf_l	:
TOP.6148c1c5.00041dd1	user_options->rule_buf_r	:
TOP.6148c1c5.00041dd1	user_options->session	hashcat
TOP.6148c1c5.00041dd1	user_options->limit	17576
TOP.6148c1c5.00041dd1	user_options->skip	0
TOP.6148c1c5.00041dd1	user_options->attack_mode	3
TOP.6148c1c5.00041dd1	user_options->benchmark	0
TOP.6148c1c5.00041dd1	user_options->benchmark_all	0
TOP.6148c1c5.00041dd1	user_options->bitmap_max	18
TOP.6148c1c5.00041dd1	user_options->bitmap_min	16
TOP.6148c1c5.00041dd1	user_options->debug_mode	0
TOP.6148c1c5.00041dd1	user_options->example_hashes	0
TOP.6148c1c5.00041dd1	user_options->force	0
TOP.6148c1c5.00041dd1	user_options->hwmon_disable	0
TOP.6148c1c5.00041dd1	user_options->hwmon_temp_abort	90
TOP.6148c1c5.00041dd1	user_options->hash_mode	0
TOP.6148c1c5.00041dd1	user_options->hex_charset	0
TOP.6148c1c5.00041dd1	user_options->hex_salt	0
TOP.6148c1c5.00041dd1	user_options->hex_wordlist	0
TOP.6148c1c5.00041dd1	user_options->increment	0
TOP.6148c1c5.00041dd1	user_options->increment_max	256
TOP.6148c1c5.00041dd1	user_options->increment_min	1
TOP.6148c1c5.00041dd1	user_options->keep_guessing	0
TOP.6148c1c5.00041dd1	user_options->kernel_accel	0
TOP.6148c1c5.00041dd1	user_options->kernel_loops	0
TOP.6148c1c5.00041dd1	user_options->kernel_threads	0
TOP.6148c1c5.00041dd1	user_options->keyspace	0
TOP.6148c1c5.00041dd1	user_options->left	0
TOP.6148c1c5.00041dd1	user_options->logfile_disable	0
TOP.6148c1c5.00041dd1	user_options->loopback	0
TOP.6148c1c5.00041dd1	user_options->machine_readable	1
TOP.6148c1c5.00041dd1	user_options->markov_classic	0
TOP.6148c1c5.00041dd1	user_options->markov_disable	0
TOP.6148c1c5.00041dd1	user_options->markov_threshold	256
TOP.6148c1c5.00041dd1	user_options->opencl_info	0
TOP.6148c1c5.00041dd1	user_options->opencl_vector_width	0
TOP.6148c1c5.00041dd1	user_options->optimized_kernel_enable	0
TOP.6148c1c5.00041dd1	user_options->outfile_autohex	1
TOP.6148c1c5.00041dd1	user_options->outfile_check_timer	5
TOP.6148c1c5.00041dd1	user_options->outfile_format	3
TOP.6148c1c5.00041dd1	user_options->wordlist_autohex_disable	0
TOP.6148c1c5.00041dd1	user_options->potfile_disable	0
TOP.6148c1c5.00041dd1	user_options->progress_only	0
TOP.6148c1c5.00041dd1	user_options->quiet	1
TOP.6148c1c5.00041dd1	user_options->remove	0
TOP.6148c1c5.00041dd1	user_options->remove_timer	60
TOP.6148c1c5.00041dd1	user_options->restore	0
TOP.6148c1c5.00041dd1	user_options->restore_disable	0
TOP.6148c1c5.00041dd1	user_options->restore_timer	60
TOP.6148c1c5.00041dd1	user_options->rp_files_cnt	0
TOP.6148c1c5.00041dd1	user_options->rp_gen	0
TOP.6148c1c5.00041dd1	user_options->rp_gen_func_max	4
TOP.6148c1c5.00041dd1	user_options->rp_gen_func_min	1
TOP.6148c1c5.00041dd1	user_options->rp_gen_seed	0
TOP.6148c1c5.00041dd1	user_options->runtime	0
TOP.6148c1c5.00041dd1	user_options->scrypt_tmto	0
TOP.6148c1c5.00041dd1	user_options->segment_size	33554432
TOP.6148c1c5.00041dd1	user_options->self_test_disable	0
TOP.6148c1c5.00041dd1	user_options->slow_candidates	0
TOP.6148c1c5.00041dd1	user_options->show	0
TOP.6148c1c5.00041dd1	user_options->speed_only	0
TOP.6148c1c5.00041dd1	user_options->spin_damp	8
TOP.6148c1c5.00041dd1	user_options->status	1
TOP.6148c1c5.00041dd1	user_options->status_timer	3
TOP.6148c1c5.00041dd1	user_options->stdout_flag	0
TOP.6148c1c5.00041dd1	user_options->usage	0
TOP.6148c1c5.00041dd1	user_options->username	0
TOP.6148c1c5.00041dd1	user_options->veracrypt_pim	0
TOP.6148c1c5.00041dd1	user_options->version	0
TOP.6148c1c5.00041dd1	user_options->workload_profile	2
TOP.6148c1c5.00041dd1	user_options->brain_client	0
TOP.6148c1c5.00041dd1	user_options->brain_client_features	2
TOP.6148c1c5.00041dd1	user_options->brain_server	0
TOP.6148c1c5.00041dd1	user_options->brain_port	6863
TOP.6148c1c5.00041dd1	user_options->brain_session	0
TOP.6148c1c5.00041dd1	proc_start	1632158149
TOP.6148c1c5.00041dd1	proc_stop	1632158149
TOP.6148c1c5.00041dd1	STOP
TOP.6148c236.00082e59	START
TOP.6148c236.00082e59	user_options->separator	:
TOP.6148c236.00082e59	user_options->encoding_from	utf-8
TOP.6148c236.00082e59	user_options->encoding_to	utf-8
TOP.6148c236.00082e59	user_options->rule_buf_l	:
TOP.6148c236.00082e59	user_options->rule_buf_r	:
TOP.6148c236.00082e59	user_options->session	hashcat
TOP.6148c236.00082e59	user_options->limit	17576
TOP.6148c236.00082e59	user_options->skip	0
TOP.6148c236.00082e59	user_options->attack_mode	3
TOP.6148c236.00082e59	user_options->benchmark	0
TOP.6148c236.00082e59	user_options->benchmark_all	0
TOP.6148c236.00082e59	user_options->bitmap_max	18
TOP.6148c236.00082e59	user_options->bitmap_min	16
TOP.6148c236.00082e59	user_options->debug_mode	0
TOP.6148c236.00082e59	user_options->example_hashes	0
TOP.6148c236.00082e59	user_options->force	0
TOP.6148c236.00082e59	user_options->hwmon_disable	0
TOP.6148c236.00082e59	user_options->hwmon_temp_abort	90
TOP.6148c236.00082e59	user_options->hash_mode	0
TOP.6148c236.00082e59	user_options->hex_charset	0
TOP.6148c236.00082e59	user_options->hex_salt	0
TOP.6148c236.00082e59	user_options->hex_wordlist	0
TOP.6148c236.00082e59	user_options->increment	0
TOP.6148c236.00082e59	user_options->increment_max	256
TOP.6148c236.00082e59	user_options->increment_min	1
TOP.6148c236.00082e59	user_options->keep_guessing	0
TOP.6148c236.00082e59	user_options->kernel_accel	0
TOP.6148c236.00082e59	user_options->kernel_loops	0
TOP.6148c236.00082e59	user_options->kernel_threads	0
TOP.6148c236.00082e59	user_options->keyspace	0
TOP.6148c236.00082e59	user_options->left	0
TOP.6148c236.00082e59	user_options->logfile_disable	0
TOP.6148c236.00082e59	user_options->loopback	0
TOP.6148c236.00082e59	user_options->machine_readable	1
TOP.6148c236.00082e59	user_options->markov_classic	0
TOP.6148c236.00082e59	user_options->markov_disable	0
TOP.6148c236.00082e59	user_options->markov_threshold	256
TOP.6148c236.00082e59	user_options->opencl_info	0
TOP.6148c236.00082e59	user_options->opencl_vector_width	0
TOP.6148c236.00082e59	user_options->optimized_kernel_enable	0
TOP.6148c236.00082e59	user_options->outfile_autohex	1
TOP.6148c236.00082e59	user_options->outfile_check_timer	5
TOP.6148c236.00082e59	user_options->outfile_format	3
TOP.6148c236.00082e59	user_options->wordlist_autohex_disable	0
TOP.6148c236.00082e59	user_options->potfile_disable	0
TOP.6148c236.00082e59	user_options->progress_only	0
TOP.6148c236.00082e59	user_options->quiet	1
TOP.6148c236.00082e59	user_options->remove	0
TOP.6148c236.00082e59	user_options->remove_timer	60
TOP.6148c236.00082e59	user_options->restore	0
TOP.6148c236.00082e59	user_options->restore_disable	0
TOP.6148c236.00082e59	user_options->restore_timer	60
TOP.6148c236.00082e59	user_options->rp_files_cnt	0
TOP.6148c236.00082e59	user_options->rp_gen	0
TOP.6148c236.00082e59	user_options->rp_gen_func_max	4
TOP.6148c236.00082e59	user_options->rp_gen_func_min	1
TOP.6148c236.00082e59	user_options->rp_gen_seed	0
TOP.6148c236.00082e59	user_options->runtime	0
TOP.6148c236.00082e59	user_options->scrypt_tmto	0
TOP.6148c236.00082e59	user_options->segment_size	33554432
TOP.6148c236.00082e59	user_options->self_test_disable	0
TOP.6148c236.00082e59	user_options->slow_candidates	0
TOP.6148c236.00082e59	user_options->show	0
TOP.6148c236.00082e59	user_options->speed_only	0
TOP.6148c236.00082e59	user_options->spin_damp	8
TOP.6148c236.00082e59	user_options->status	1
TOP.6148c236.00082e59	user_options->status_timer	3
TOP.6148c236.00082e59	user_options->stdout_flag	0
TOP.6148c236.00082e59	user_options->usage	0
TOP.6148c236.00082e59	user_options->username	0
TOP.6148c236.00082e59	user_options->veracrypt_pim	0
TOP.6148c236.00082e59	user_options->version	0
TOP.6148c236.00082e59	user_options->workload_profile	2
TOP.6148c236.00082e59	user_options->brain_client	0
TOP.6148c236.00082e59	user_options->brain_client_features	2
TOP.6148c236.00082e59	user_options->brain_server	0
TOP.6148c236.00082e59	user_options->brain_port	6863
TOP.6148c236.00082e59	user_options->brain_session	0
TOP.6148c236.00082e59	proc_start	1632158262
TOP.6148c236.00082e59	proc_stop	1632158262
TOP.6148c236.00082e59	STOP
TOP.6148c351.00047fb1	START
TOP.6148c351.00047fb1	user_options->separator	:
TOP.6148c351.00047fb1	user_options->encoding_from	utf-8
TOP.6148c351.00047fb1	user_options->encoding_to	utf-8
TOP.6148c351.00047fb1	user_options->rule_buf_l	:
TOP.6148c351.00047fb1	user_options->rule_buf_r	:
TOP.6148c351.00047fb1	user_options->session	hashcat
TOP.6148c351.00047fb1	user_options->limit	17576
TOP.6148c351.00047fb1	user_options->skip	0
TOP.6148c351.00047fb1	user_options->attack_mode	3
TOP.6148c351.00047fb1	user_options->benchmark	0
TOP.6148c351.00047fb1	user_options->benchmark_all	0
TOP.6148c351.00047fb1	user_options->bitmap_max	18
TOP.6148c351.00047fb1	user_options->bitmap_min	16
TOP.6148c351.00047fb1	user_options->debug_mode	0
TOP.6148c351.00047fb1	user_options->example_hashes	0
TOP.6148c351.00047fb1	user_options->force	0
TOP.6148c351.00047fb1	user_options->hwmon_disable	0
TOP.6148c351.00047fb1	user_options->hwmon_temp_abort	90
TOP.6148c351.00047fb1	user_options->hash_mode	0
TOP.6148c351.00047fb1	user_options->hex_charset	0
TOP.6148c351.00047fb1	user_options->hex_salt	0
TOP.6148c351.00047fb1	user_options->hex_wordlist	0
TOP.6148c351.00047fb1	user_options->increment	0
TOP.6148c351.00047fb1	user_options->increment_max	256
TOP.6148c351.00047fb1	user_options->increment_min	1
TOP.6148c351.00047fb1	user_options->keep_guessing	0
TOP.6148c351.00047fb1	user_options->kernel_accel	0
TOP.6148c351.00047fb1	user_options->kernel_loops	0
TOP.6148c351.00047fb1	user_options->kernel_threads	0
TOP.6148c351.00047fb1	user_options->keyspace	0
TOP.6148c351.00047fb1	user_options->left	0
TOP.6148c351.00047fb1	user_options->logfile_disable	0
TOP.6148c351.00047fb1	user_options->loopback	0
TOP.6148c351.00047fb1	user_options->machine_readable	1
TOP.6148c351.00047fb1	user_options->markov_classic	0
TOP.6148c351.00047fb1	user_options->markov_disable	0
TOP.6148c351.00047fb1	user_options->markov_threshold	256
TOP.6148c351.00047fb1	user_options->opencl_info	0
TOP.6148c351.00047fb1	user_options->opencl_vector_width	0
TOP.6148c351.00047fb1	user_options->optimized_kernel_enable	0
TOP.6148c351.00047fb1	user_options->outfile_autohex	1
TOP.6148c351.00047fb1	user_options->outfile_check_timer	5
TOP.6148c351.00047fb1	user_options->outfile_format	3
TOP.6148c351.00047fb1	user_options->wordlist_autohex_disable	0
TOP.6148c351.00047fb1	user_options->potfile_disable	0
TOP.6148c351.00047fb1	user_options->progress_only	0
TOP.6148c351.00047fb1	user_options->quiet	1
TOP.6148c351.00047fb1	user_options->remove	0
TOP.6148c351.00047fb1	user_options->remove_timer	60
TOP.6148c351.00047fb1	user_options->restore	0
TOP.6148c351.00047fb1	user_options->restore_disable	0
TOP.6148c351.00047fb1	user_options->restore_timer	60
TOP.6148c351.00047fb1	user_options->rp_files_cnt	0
TOP.6148c351.00047fb1	user_options->rp_gen	0
TOP.6148c351.00047fb1	user_options->rp_gen_func_max	4
TOP.6148c351.00047fb1	user_options->rp_gen_func_min	1
TOP.6148c351.00047fb1	user_options->rp_gen_seed	0
TOP.6148c351.00047fb1	user_options->runtime	0
TOP.6148c351.00047fb1	user_options->scrypt_tmto	0
TOP.6148c351.00047fb1	user_options->segment_size	33554432
TOP.6148c351.00047fb1	user_options->self_test_disable	0
TOP.6148c351.00047fb1	user_options->slow_candidates	0
TOP.6148c351.00047fb1	user_options->show	0
TOP.6148c351.00047fb1	user_options->speed_only	0
TOP.6148c351.00047fb1	user_options->spin_damp	8
TOP.6148c351.00047fb1	user_options->status	1
TOP.6148c351.00047fb1	user_options->status_timer	3
TOP.6148c351.00047fb1	user_options->stdout_flag	0
TOP.6148c351.00047fb1	user_options->usage	0
TOP.6148c351.00047fb1	user_options->username	0
TOP.6148c351.00047fb1	user_options->veracrypt_pim	0
TOP.6148c351.00047fb1	user_options->version	0
TOP.6148c351.00047fb1	user_options->workload_profile	2
TOP.6148c351.00047fb1	user_options->brain_client	0
TOP.6148c351.00047fb1	user_options->brain_client_features	2
TOP.6148c351.00047fb1	user_options->brain_server	0
TOP.6148c351.00047fb1	user_options->brain_port	6863
TOP.6148c351.00047fb1	user_options->brain_session	0
TOP.6148c351.00047fb1	proc_start	1632158545
TOP.6148c351.00047fb1	proc_stop	1632158545
TOP.6148c351.00047fb1	STOP
TOP.6148c4a5.0008468a	START
TOP.6148c4a5.0008468a	user_options->separator	:
TOP.6148c4a5.0008468a	user_options->encoding_from	utf-8
TOP.6148c4a5.0008468a	user_options->encoding_to	utf-8
TOP.6148c4a5.0008468a	user_options->rule_buf_l	:
TOP.6148c4a5.0008468a	user_options->rule_buf_r	:
TOP.6148c4a5.0008468a	user_options->session	hashcat
TOP.6148c4a5.0008468a	user_options->limit	17576
TOP.6148c4a5.0008468a	user_options->skip	0
TOP.6148c4a5.0008468a	user_options->attack_mode	3
TOP.6148c4a5.0008468a	user_options->benchmark	0
TOP.6148c4a5.0008468a	user_options->benchmark_all	0
TOP.6148c4a5.0008468a	user_options->bitmap_max	18
TOP.6148c4a5.0008468a	user_options->bitmap_min	16
TOP.6148c4a5.0008468a	user_options->debug_mode	0
TOP.6148c4a5.0008468a	user_options->example_hashes	0
TOP.6148c4a5.0008468a	user_options->force	0
TOP.6148c4a5.0008468a	user_options->hwmon_disable	0
TOP.6148c4a5.0008468a	user_options->hwmon_temp_abort	90
TOP.6148c4a5.0008468a	user_options->hash_mode	0
TOP.6148c4a5.0008468a	user_options->hex_charset	0
TOP.6148c4a5.0008468a	user_options->hex_salt	0
TOP.6148c4a5.0008468a	user_options->hex_wordlist	0
TOP.6148c4a5.0008468a	user_options->increment	0
TOP.6148c4a5.0008468a	user_options->increment_max	256
TOP.6148c4a5.0008468a	user_options->increment_min	1
TOP.6148c4a5.0008468a	user_options->keep_guessing	0
TOP.6148c4a5.0008468a	user_options->kernel_accel	0
TOP.6148c4a5.0008468a	user_options->kernel_loops	0
TOP.6148c4a5.0008468a	user_options->kernel_threads	0
TOP.6148c4a5.0008468a	user_options->keyspace	0
TOP.6148c4a5.0008468a	user_options->left	0
TOP.6148c4a5.0008468a	user_options->logfile_disable	0
TOP.6148c4a5.0008468a	user_options->loopback	0
TOP.6148c4a5.0008468a	user_options->machine_readable	1
TOP.6148c4a5.0008468a	user_options->markov_classic	0
TOP.6148c4a5.0008468a	user_options->markov_disable	0
TOP.6148c4a5.0008468a	user_options->markov_threshold	256
TOP.6148c4a5.0008468a	user_options->opencl_info	0
TOP.6148c4a5.0008468a	user_options->opencl_vector_width	0
TOP.6148c4a5.0008468a	user_options->optimized_kernel_enable	0
TOP.6148c4a5.0008468a	user_options->outfile_autohex	1
TOP.6148c4a5.0008468a	user_options->outfile_check_timer	5
TOP.6148c4a5.0008468a	user_options->outfile_format	3
TOP.6148c4a5.0008468a	user_options->wordlist_autohex_disable	0
TOP.6148c4a5.0008468a	user_options->potfile_disable	0
TOP.6148c4a5.0008468a	user_options->progress_only	0
TOP.6148c4a5.0008468a	user_options->quiet	1
TOP.6148c4a5.0008468a	user_options->remove	0
TOP.6148c4a5.0008468a	user_options->remove_timer	60
TOP.6148c4a5.0008468a	user_options->restore	0
TOP.6148c4a5.0008468a	user_options->restore_disable	0
TOP.6148c4a5.0008468a	user_options->restore_timer	60
TOP.6148c4a5.0008468a	user_options->rp_files_cnt	0
TOP.6148c4a5.0008468a	user_options->rp_gen	0
TOP.6148c4a5.0008468a	user_options->rp_gen_func_max	4
TOP.6148c4a5.0008468a	user_options->rp_gen_func_min	1
TOP.6148c4a5.0008468a	user_options->rp_gen_seed	0
TOP.6148c4a5.0008468a	user_options->runtime	0
TOP.6148c4a5.0008468a	user_options->scrypt_tmto	0
TOP.6148c4a5.0008468a	user_options->segment_size	33554432
TOP.6148c4a5.0008468a	user_options->self_test_disable	0
TOP.6148c4a5.0008468a	user_options->slow_candidates	0
TOP.6148c4a5.0008468a	user_options->show	0
TOP.6148c4a5.0008468a	user_options->speed_only	0
TOP.6148c4a5.0008468a	user_options->spin_damp	8
TOP.6148c4a5.0008468a	user_options->status	1
TOP.6148c4a5.0008468a	user_options->status_timer	3
TOP.6148c4a5.0008468a	user_options->stdout_flag	0
TOP.6148c4a5.0008468a	user_options->usage	0
TOP.6148c4a5.0008468a	user_options->username	0
TOP.6148c4a5.0008468a	user_options->veracrypt_pim	0
TOP.6148c4a5.0008468a	user_options->version	0
TOP.6148c4a5.0008468a	user_options->workload_profile	2
TOP.6148c4a5.0008468a	user_options->brain_client	0
TOP.6148c4a5.0008468a	user_options->brain_client_features	2
TOP.6148c4a5.0008468a	user_options->brain_server	0
TOP.6148c4a5.0008468a	user_options->brain_port	6863
TOP.6148c4a5.0008468a	user_options->brain_session	0
TOP.6148c4a5.0008468a	proc_start	1632158885
TOP.6148c4a5.0008468a	proc_stop	1632158885
TOP.6148c4a5.0008468a	STOP
TOP.6148c5c2.0009e531	START
TOP.6148c5c2.0009e531	user_options->separator	:
TOP.6148c5c2.0009e531	user_options->encoding_from	utf-8
TOP.6148c5c2.0009e531	user_options->encoding_to	utf-8
TOP.6148c5c2.0009e531	user_options->rule_buf_l	:
TOP.6148c5c2.0009e531	user_options->rule_buf_r	:
TOP.6148c5c2.0009e531	user_options->session	hashcat
TOP.6148c5c2.0009e531	user_options->limit	17576
TOP.6148c5c2.0009e531	user_options->skip	0
TOP.6148c5c2.0009e531	user_options->attack_mode	3
TOP.6148c5c2.0009e531	user_options->benchmark	0
TOP.6148c5c2.0009e531	user_options->benchmark_all	0
TOP.6148c5c2.0009e531	user_options->bitmap_max	18
TOP.6148c5c2.0009e531	user_options->bitmap_min	16
TOP.6148c5c2.0009e531	user_options->debug_mode	0
TOP.6148c5c2.0009e531	user_options->example_hashes	0
TOP.6148c5c2.0009e531	user_options->force	0
TOP.6148c5c2.0009e531	user_options->hwmon_disable	0
TOP.6148c5c2.0009e531	user_options->hwmon_temp_abort	90
TOP.6148c5c2.0009e531	user_options->hash_mode	0
TOP.6148c5c2.0009e531	user_options->hex_charset	0
TOP.6148c5c2.0009e531	user_options->hex_salt	0
TOP.6148c5c2.0009e531	user_options->hex_wordlist	0
TOP.6148c5c2.0009e531	user_options->increment	0
TOP.6148c5c2.0009e531	user_options->increment_max	256
TOP.6148c5c2.0009e531	user_options->increment_min	1
TOP.6148c5c2.0009e531	user_options->keep_guessing	0
TOP.6148c5c2.0009e531	user_options->kernel_accel	0
TOP.6148c5c2.0009e531	user_options->kernel_loops	0
TOP.6148c5c2.0009e531	user_options->kernel_threads	0
TOP.6148c5c2.0009e531	user_options->keyspace	0
TOP.6148c5c2.0009e531	user_options->left	0
TOP.6148c5c2.0009e531	user_options->logfile_disable	0
TOP.6148c5c2.0009e531	user_options->loopback	0
TOP.6148c5c2.0009e531	user_options->machine_readable	1
TOP.6148c5c2.0009e531	user_options->markov_classic	0
TOP.6148c5c2.0009e531	user_options->markov_disable	0
TOP.6148c5c2.0009e531	user_options->markov_threshold	256
TOP.6148c5c2.0009e531	user_options->opencl_info	0
TOP.6148c5c2.0009e531	user_options->opencl_vector_width	0
TOP.6148c5c2.0009e531	user_options->optimized_kernel_enable	0
TOP.6148c5c2.0009e531	user_options->outfile_autohex	1
TOP.6148c5c2.0009e531	user_options->outfile_check_timer	5
TOP.6148c5c2.0009e531	user_options->outfile_format	3
TOP.6148c5c2.0009e531	user_options->wordlist_autohex_disable	0
TOP.6148c5c2.0009e531	user_options->potfile_disable	0
TOP.6148c5c2.0009e531	user_options->progress_only	0
TOP.6148c5c2.0009e531	user_options->quiet	1
TOP.6148c5c2.0009e531	user_options->remove	0
TOP.6148c5c2.0009e531	user_options->remove_timer	60
TOP.6148c5c2.0009e531	user_options->restore	0
TOP.6148c5c2.0009e531	user_options->restore_disable	0
TOP.6148c5c2.0009e531	user_options->restore_timer	60
TOP.6148c5c2.0009e531	user_options->rp_files_cnt	0
TOP.6148c5c2.0009e531	user_options->rp_gen	0
TOP.6148c5c2.0009e531	user_options->rp_gen_func_max	4
TOP.6148c5c2.0009e531	user_options->rp_gen_func_min	1
TOP.6148c5c2.0009e531	user_options->rp_gen_seed	0
TOP.6148c5c2.0009e531	user_options->runtime	0
TOP.6148c5c2.0009e531	user_options->scrypt_tmto	0
TOP.6148c5c2.0009e531	user_options->segment_size	33554432
TOP.6148c5c2.0009e531	user_options->self_test_disable	0
TOP.6148c5c2.0009e531	user_options->slow_candidates	0
TOP.6148c5c2.0009e531	user_options->show	0
TOP.6148c5c2.0009e531	user_options->speed_only	0
TOP.6148c5c2.0009e531	user_options->spin_damp	8
TOP.6148c5c2.0009e531	user_options->status	1
TOP.6148c5c2.0009e531	user_options->status_timer	3
TOP.6148c5c2.0009e531	user_options->stdout_flag	0
TOP.6148c5c2.0009e531	user_options->usage	0
TOP.6148c5c2.0009e531	user_options->username	0
TOP.6148c5c2.0009e531	user_options->veracrypt_pim	0
TOP.6148c5c2.0009e531	user_options->version	0
TOP.6148c5c2.0009e531	user_options->workload_profile	2
TOP.6148c5c2.0009e531	user_options->brain_client	0
TOP.6148c5c2.0009e531	user_options->brain_client_features	2
TOP.6148c5c2.0009e531	user_options->brain_server	0
TOP.6148c5c2.0009e531	user_options->brain_port	6863
TOP.6148c5c2.0009e531	user_options->brain_session	0
TOP.6148c5c2.0009e531	proc_start	1632159170
TOP.6148c5c2.0009e531	proc_stop	1632159170
TOP.6148c5c2.0009e531	STOP
